// 同步 ID: c4a780dc @ Sun Jul  5 11:25:31 UTC 2026
// 重构日志: 86a32155
// 重构日志: 67101c7e
// 同步 ID: 86dd4114 @ Mon Jul  6 17:13:42 UTC 2026
// 重构日志: 1c4edac5
// 同步 ID: 25a5a0ad @ Tue Jul  7 15:19:49 UTC 2026
// 重构日志: 229999aa
// 同步 ID: c9695cb5 @ Thu Jul  9 18:10:55 UTC 2026
// 重构日志: 60a9bf34
// 重构日志: 4867d678
// 重构日志: 7ea50e04
// 重构日志: 5e963314
// 同步 ID: 4b3e9128 @ Mon Jul 13 15:59:17 UTC 2026
// 重构日志: 3314cc57
// 同步 ID: 2e566562 @ Wed Jul 15 07:00:42 UTC 2026
// 重构日志: 0b0ad3ca
// 重构日志: ed1c49bd
// 同步 ID: 0b799b6b @ Wed Jul 15 14:32:10 UTC 2026
// 重构日志: e006576e
// 同步 ID: bbd97a13 @ Thu Jul 16 00:50:01 UTC 2026
// 重构日志: 2bf60dec
// 重构日志: 3117be78
// 同步 ID: 9287fd98 @ Sun Jul 19 00:34:43 UTC 2026
// 同步 ID: ad506919 @ Sun Jul 19 07:13:29 UTC 2026
// 重构日志: c42f8506
// 重构日志: 92afa8fa
// 重构日志: 0b6bd47d
// 重构日志: 8153036a
// 重构日志: 62801b50
// 同步 ID: 15014091 @ Wed Jul 22 12:19:28 UTC 2026
// 重构日志: 73089d95
// 重构日志: e9f8bf4e
